<?xml version="1.0" encoding="UTF-8"?>
<!-- Generated by org.testng.reporters.JUnitXMLReporter -->
<testsuite hostname="User-PC" name="Functional Test" tests="1" failures="0" timestamp="14 May 2017 15:57:52 GMT" time="0.081" errors="0">
  <testcase name="@BeforeMethod beforeMethod" time="0.0" classname="com.scripting.page.ScriptRunning_class">
    <failure type="org.testng.TestNGException" message="
Parameter &amp;apos;run&amp;apos; is required by @Configuration on method beforeMethod but has not been marked @Optional or defined
in C:\usr\development\workspace\My Ups\crossBrowser.xml">
      <![CDATA[org.testng.TestNGException: 
Parameter 'run' is required by @Configuration on method beforeMethod but has not been marked @Optional or defined
in C:\usr\development\workspace\My Ups\crossBrowser.xml
	at java.util.concurrent.FutureTask.run(FutureTask.java:266)
	at java.util.concurrent.ThreadPoolExecutor.runWorker(ThreadPoolExecutor.java:1142)
	at java.util.concurrent.ThreadPoolExecutor$Worker.run(ThreadPoolExecutor.java:617)
	at java.lang.Thread.run(Thread.java:748)
... Removed 15 stack frames]]>
    </failure>
  </testcase> <!-- @BeforeMethod beforeMethod -->
  <testcase name="@AfterMethod afterMethod" time="0.0" classname="com.scripting.page.ScriptRunning_class">
    <skipped/>
  </testcase> <!-- @AfterMethod afterMethod -->
  <testcase name="userLogin" time="0.03" classname="com.scripting.page.ScriptRunning_class">
    <skipped/>
  </testcase> <!-- userLogin -->
</testsuite> <!-- Functional Test -->
